<?xml version='1.0'?>
<ns2:test-suite xmlns:ns2='urn:model.allure.qatools.yandex.ru' start='1604644018908' stop='1604644037198'>
    <name>Context Menu</name>
    <title>Context Menu</title>
    <test-cases>
        <test-case start='1604644018909' status='passed' stop='1604644032939'>
            <name>drag and drop test</name>
            <title>drag and drop test</title>
            <labels/>
            <parameters/>
            <steps/>
            <attachments/>
        </test-case>
        <test-case start='1604644032940' status='failed' stop='1604644033331'>
            <name>drag and drop test two</name>
            <title>drag and drop test two</title>
            <labels/>
            <parameters/>
            <steps/>
            <attachments/>
            <failure>
                <message>Failed: browser.actions(...).click(...).performss is not a function</message>
                <stack-trace>TypeError: browser.actions(...).click(...).performss is not a function
                    at UserContext.&lt;anonymous> (D:\protractor\proctractordemo\tests\contextmenu.js:33:66)
                    at C:\Users\bvsra\AppData\Roaming\npm\node_modules\protractor\node_modules\jasminewd2\index.js:112:25
                    at new ManagedPromise (C:\Users\bvsra\AppData\Roaming\npm\node_modules\protractor\node_modules\selenium-webdriver\lib\promise.js:1077:7)
                    at ControlFlow.promise (C:\Users\bvsra\AppData\Roaming\npm\node_modules\protractor\node_modules\selenium-webdriver\lib\promise.js:2505:12)
                    at schedulerExecute (C:\Users\bvsra\AppData\Roaming\npm\node_modules\protractor\node_modules\jasminewd2\index.js:95:18)
                    at TaskQueue.execute_ (C:\Users\bvsra\AppData\Roaming\npm\node_modules\protractor\node_modules\selenium-webdriver\lib\promise.js:3084:14)
                    at TaskQueue.executeNext_ (C:\Users\bvsra\AppData\Roaming\npm\node_modules\protractor\node_modules\selenium-webdriver\lib\promise.js:3067:27)
                    at C:\Users\bvsra\AppData\Roaming\npm\node_modules\protractor\node_modules\selenium-webdriver\lib\promise.js:2927:27
                    at C:\Users\bvsra\AppData\Roaming\npm\node_modules\protractor\node_modules\selenium-webdriver\lib\promise.js:668:7
                    at processTicksAndRejections (internal/process/task_queues.js:97:5)
                From: Task: Run it("drag and drop test two") in control flow
                    at UserContext.&lt;anonymous> (C:\Users\bvsra\AppData\Roaming\npm\node_modules\protractor\node_modules\jasminewd2\index.js:94:19)
                    at attempt (C:\Users\bvsra\AppData\Roaming\npm\node_modules\protractor\node_modules\jasmine-core\lib\jasmine-core\jasmine.js:4297:26)
                    at QueueRunner.run (C:\Users\bvsra\AppData\Roaming\npm\node_modules\protractor\node_modules\jasmine-core\lib\jasmine-core\jasmine.js:4217:20)
                    at QueueRunner.execute (C:\Users\bvsra\AppData\Roaming\npm\node_modules\protractor\node_modules\jasmine-core\lib\jasmine-core\jasmine.js:4199:10)
                    at Spec.queueRunnerFactory (C:\Users\bvsra\AppData\Roaming\npm\node_modules\protractor\node_modules\jasmine-core\lib\jasmine-core\jasmine.js:909:35)
                    at Spec.execute (C:\Users\bvsra\AppData\Roaming\npm\node_modules\protractor\node_modules\jasmine-core\lib\jasmine-core\jasmine.js:526:10)
                    at UserContext.fn (C:\Users\bvsra\AppData\Roaming\npm\node_modules\protractor\node_modules\jasmine-core\lib\jasmine-core\jasmine.js:5340:37)
                    at attempt (C:\Users\bvsra\AppData\Roaming\npm\node_modules\protractor\node_modules\jasmine-core\lib\jasmine-core\jasmine.js:4297:26)
                    at QueueRunner.run (C:\Users\bvsra\AppData\Roaming\npm\node_modules\protractor\node_modules\jasmine-core\lib\jasmine-core\jasmine.js:4217:20)
                    at runNext (C:\Users\bvsra\AppData\Roaming\npm\node_modules\protractor\node_modules\jasmine-core\lib\jasmine-core\jasmine.js:4257:20)
                From asynchronous test: 
                Error
                    at Suite.&lt;anonymous> (D:\protractor\proctractordemo\tests\contextmenu.js:23:5)
                    at addSpecsToSuite (C:\Users\bvsra\AppData\Roaming\npm\node_modules\protractor\node_modules\jasmine-core\lib\jasmine-core\jasmine.js:1107:25)
                    at Env.describe (C:\Users\bvsra\AppData\Roaming\npm\node_modules\protractor\node_modules\jasmine-core\lib\jasmine-core\jasmine.js:1074:7)
                    at describe (C:\Users\bvsra\AppData\Roaming\npm\node_modules\protractor\node_modules\jasmine-core\lib\jasmine-core\jasmine.js:4399:18)
                    at Object.&lt;anonymous> (D:\protractor\proctractordemo\tests\contextmenu.js:6:1)
                    at Module._compile (internal/modules/cjs/loader.js:1200:30)
                    at Object.Module._extensions..js (internal/modules/cjs/loader.js:1220:10)
                    at Module.load (internal/modules/cjs/loader.js:1049:32)
                    at Function.Module._load (internal/modules/cjs/loader.js:937:14)</stack-trace>
            </failure>
        </test-case>
        <test-case start='1604644033331' status='failed' stop='1604644037196'>
            <name>drag and drop test 3</name>
            <title>drag and drop test 3</title>
            <labels/>
            <parameters/>
            <steps/>
            <attachments/>
            <failure>
                <message>Failed: No element found using locator: By(css selector, .context-menu-one.btn.btn-neutralss)</message>
                <stack-trace>NoSuchElementError: No element found using locator: By(css selector, .context-menu-one.btn.btn-neutralss)
                    at C:\Users\bvsra\AppData\Roaming\npm\node_modules\protractor\built\element.js:814:27
                    at ManagedPromise.invokeCallback_ (C:\Users\bvsra\AppData\Roaming\npm\node_modules\protractor\node_modules\selenium-webdriver\lib\promise.js:1376:14)
                    at TaskQueue.execute_ (C:\Users\bvsra\AppData\Roaming\npm\node_modules\protractor\node_modules\selenium-webdriver\lib\promise.js:3084:14)
                    at TaskQueue.executeNext_ (C:\Users\bvsra\AppData\Roaming\npm\node_modules\protractor\node_modules\selenium-webdriver\lib\promise.js:3067:27)
                    at C:\Users\bvsra\AppData\Roaming\npm\node_modules\protractor\node_modules\selenium-webdriver\lib\promise.js:2927:27
                    at C:\Users\bvsra\AppData\Roaming\npm\node_modules\protractor\node_modules\selenium-webdriver\lib\promise.js:668:7
                    at processTicksAndRejections (internal/process/task_queues.js:97:5)Error
                    at ElementArrayFinder.applyAction_ (C:\Users\bvsra\AppData\Roaming\npm\node_modules\protractor\built\element.js:459:27)
                    at ElementArrayFinder.&lt;computed> [as getId] (C:\Users\bvsra\AppData\Roaming\npm\node_modules\protractor\built\element.js:91:29)
                    at ElementFinder.&lt;computed> [as getId] (C:\Users\bvsra\AppData\Roaming\npm\node_modules\protractor\built\element.js:831:22)
                    at ActionSequence.mouseMove (C:\Users\bvsra\AppData\Roaming\npm\node_modules\protractor\node_modules\selenium-webdriver\lib\actions.js:151:44)
                    at ActionSequence.scheduleMouseAction_ (C:\Users\bvsra\AppData\Roaming\npm\node_modules\protractor\node_modules\selenium-webdriver\lib\actions.js:189:14)
                    at ActionSequence.click (C:\Users\bvsra\AppData\Roaming\npm\node_modules\protractor\node_modules\selenium-webdriver\lib\actions.js:288:17)
                    at UserContext.&lt;anonymous> (D:\protractor\proctractordemo\tests\contextmenu.js:48:27)
                    at C:\Users\bvsra\AppData\Roaming\npm\node_modules\protractor\node_modules\jasminewd2\index.js:112:25
                    at new ManagedPromise (C:\Users\bvsra\AppData\Roaming\npm\node_modules\protractor\node_modules\selenium-webdriver\lib\promise.js:1077:7)
                    at ControlFlow.promise (C:\Users\bvsra\AppData\Roaming\npm\node_modules\protractor\node_modules\selenium-webdriver\lib\promise.js:2505:12)
                From: Task: Run it("drag and drop test 3") in control flow
                    at UserContext.&lt;anonymous> (C:\Users\bvsra\AppData\Roaming\npm\node_modules\protractor\node_modules\jasminewd2\index.js:94:19)
                    at attempt (C:\Users\bvsra\AppData\Roaming\npm\node_modules\protractor\node_modules\jasmine-core\lib\jasmine-core\jasmine.js:4297:26)
                    at QueueRunner.run (C:\Users\bvsra\AppData\Roaming\npm\node_modules\protractor\node_modules\jasmine-core\lib\jasmine-core\jasmine.js:4217:20)
                    at QueueRunner.execute (C:\Users\bvsra\AppData\Roaming\npm\node_modules\protractor\node_modules\jasmine-core\lib\jasmine-core\jasmine.js:4199:10)
                    at Spec.queueRunnerFactory (C:\Users\bvsra\AppData\Roaming\npm\node_modules\protractor\node_modules\jasmine-core\lib\jasmine-core\jasmine.js:909:35)
                    at Spec.execute (C:\Users\bvsra\AppData\Roaming\npm\node_modules\protractor\node_modules\jasmine-core\lib\jasmine-core\jasmine.js:526:10)
                    at UserContext.fn (C:\Users\bvsra\AppData\Roaming\npm\node_modules\protractor\node_modules\jasmine-core\lib\jasmine-core\jasmine.js:5340:37)
                    at attempt (C:\Users\bvsra\AppData\Roaming\npm\node_modules\protractor\node_modules\jasmine-core\lib\jasmine-core\jasmine.js:4297:26)
                    at QueueRunner.run (C:\Users\bvsra\AppData\Roaming\npm\node_modules\protractor\node_modules\jasmine-core\lib\jasmine-core\jasmine.js:4217:20)
                    at runNext (C:\Users\bvsra\AppData\Roaming\npm\node_modules\protractor\node_modules\jasmine-core\lib\jasmine-core\jasmine.js:4257:20)
                From asynchronous test: 
                Error
                    at Suite.&lt;anonymous> (D:\protractor\proctractordemo\tests\contextmenu.js:38:5)
                    at addSpecsToSuite (C:\Users\bvsra\AppData\Roaming\npm\node_modules\protractor\node_modules\jasmine-core\lib\jasmine-core\jasmine.js:1107:25)
                    at Env.describe (C:\Users\bvsra\AppData\Roaming\npm\node_modules\protractor\node_modules\jasmine-core\lib\jasmine-core\jasmine.js:1074:7)
                    at describe (C:\Users\bvsra\AppData\Roaming\npm\node_modules\protractor\node_modules\jasmine-core\lib\jasmine-core\jasmine.js:4399:18)
                    at Object.&lt;anonymous> (D:\protractor\proctractordemo\tests\contextmenu.js:6:1)
                    at Module._compile (internal/modules/cjs/loader.js:1200:30)
                    at Object.Module._extensions..js (internal/modules/cjs/loader.js:1220:10)
                    at Module.load (internal/modules/cjs/loader.js:1049:32)
                    at Function.Module._load (internal/modules/cjs/loader.js:937:14)</stack-trace>
            </failure>
        </test-case>
    </test-cases>
</ns2:test-suite>